<?xml version="1.0" encoding="UTF-8"?>
<robot generator="Robot 4.1.3 (Python 3.8.10 on linux)" generated="20220311 12:26:09.248" rpa="true" schemaversion="2">
<suite id="s1" name="Tasks" source="/home/nhat/Jenkins_Robot/tasks.robot">
<test id="s1-t1" name="Case 2 Open Web for Testing">
<kw name="Open the robot order website2">
<kw name="Open Available Browser" library="RPA.Browser">
<arg>https:/google.com</arg>
<doc>Attempts to open a browser on the user's device from a set of
supported browsers. Automatically downloads a corresponding webdriver
if none is already installed.</doc>
<msg timestamp="20220311 12:26:11.405" level="INFO">Creating an instance of the Chrome WebDriver.</msg>
<msg timestamp="20220311 12:26:11.415" level="INFO">Created download root directory: /home/nhat/.robocorp/webdrivers</msg>
<msg timestamp="20220311 12:26:11.416" level="INFO">Created symlink directory: /home/nhat/.robocorp/webdrivers</msg>
<msg timestamp="20220311 12:26:11.417" level="INFO">Creating an instance of the Chrome WebDriver.</msg>
<msg timestamp="20220311 12:26:13.027" level="INFO">Created Chrome browser with arguments: --disable-dev-shm-usage --disable-web-security --allow-running-insecure-content --no-sandbox</msg>
<msg timestamp="20220311 12:26:13.028" level="INFO" html="true">&lt;p&gt;Attempted combinations:&lt;/p&gt;&lt;div class="doc"&gt;&lt;table&gt;&lt;tr&gt;&lt;th&gt;Browser&lt;/th&gt;&lt;th&gt;Download&lt;/th&gt;&lt;th&gt;Error&lt;/th&gt;&lt;/tr&gt;&lt;tr&gt;&lt;td&gt;Chrome&lt;/td&gt;&lt;td&gt;False&lt;/td&gt;&lt;td&gt;Message: 'chromedriver' executable needs to be in PATH. Please see https://sites.google.com/a/chromium.org/chromedriver/home
&lt;/td&gt;&lt;/tr&gt;&lt;tr&gt;&lt;td&gt;Chrome&lt;/td&gt;&lt;td&gt;True&lt;/td&gt;&lt;td&gt;&lt;/td&gt;&lt;/tr&gt;&lt;/table&gt;&lt;/div&gt;</msg>
<msg timestamp="20220311 12:26:13.028" level="INFO">Opening url 'https:/google.com'</msg>
<status status="PASS" starttime="20220311 12:26:11.403" endtime="20220311 12:26:14.461"/>
</kw>
<status status="PASS" starttime="20220311 12:26:11.401" endtime="20220311 12:26:14.463"/>
</kw>
<status status="PASS" starttime="20220311 12:26:11.398" endtime="20220311 12:26:14.464"/>
</test>
<doc>Orders robots from RobotSpareBin Industries Inc.
Saves the order HTML receipt as a PDF file.
Saves the screenshot of the ordered robot.
Embeds the screenshot of the robot to the PDF receipt.
Creates ZIP archive of the receipts and the images.</doc>
<status status="PASS" starttime="20220311 12:26:09.252" endtime="20220311 12:26:14.468"/>
</suite>
<statistics>
<total>
<stat pass="1" fail="0" skip="0">All Tasks</stat>
</total>
<tag>
</tag>
<suite>
<stat pass="1" fail="0" skip="0" id="s1" name="Tasks">Tasks</stat>
</suite>
</statistics>
<errors>
<msg timestamp="20220311 12:26:10.186" level="WARN">This is a deprecated import that will be removed in favor of RPA.Browser.Selenium</msg>
</errors>
</robot>
