<?xml version="1.0" encoding="UTF-8"?>
<robot generator="Robot 4.0.3 (Python 3.8.10 on linux)" generated="20220312 16:04:56.072" rpa="true" schemaversion="2">
<suite id="s1" name="Tasks" source="/home/nhat/Jenkins_Robot/tasks.robot">
<test id="s1-t1" name="Case 2 Open Web for Testing">
<kw name="Open the robot order website2">
<kw name="Open Available Browser" library="RPA.Browser">
<arg>https:/google.com</arg>
<doc>Attempts to open a browser on the user's device from a set of
supported browsers. Automatically downloads a corresponding webdriver
if none is already installed.</doc>
<msg timestamp="20220312 16:04:56.607" level="INFO">Creating an instance of the Chrome WebDriver.</msg>
<msg timestamp="20220312 16:04:56.611" level="INFO">Created download root directory: /home/nhat/.robocorp/webdrivers</msg>
<msg timestamp="20220312 16:04:56.611" level="INFO">Created symlink directory: /home/nhat/.robocorp/webdrivers</msg>
<msg timestamp="20220312 16:04:56.612" level="INFO">Creating an instance of the Chrome WebDriver.</msg>
<msg timestamp="20220312 16:04:58.192" level="INFO">Created Chrome browser with arguments: --disable-dev-shm-usage --disable-web-security --allow-running-insecure-content --no-sandbox</msg>
<msg timestamp="20220312 16:04:58.193" level="INFO" html="true">&lt;p&gt;Attempted combinations:&lt;/p&gt;&lt;div class="doc"&gt;&lt;table&gt;&lt;tr&gt;&lt;th&gt;Browser&lt;/th&gt;&lt;th&gt;Download&lt;/th&gt;&lt;th&gt;Error&lt;/th&gt;&lt;/tr&gt;&lt;tr&gt;&lt;td&gt;Chrome&lt;/td&gt;&lt;td&gt;False&lt;/td&gt;&lt;td&gt;Message: 'chromedriver' executable needs to be in PATH. Please see https://sites.google.com/a/chromium.org/chromedriver/home
&lt;/td&gt;&lt;/tr&gt;&lt;tr&gt;&lt;td&gt;Chrome&lt;/td&gt;&lt;td&gt;True&lt;/td&gt;&lt;td&gt;&lt;/td&gt;&lt;/tr&gt;&lt;/table&gt;&lt;/div&gt;</msg>
<msg timestamp="20220312 16:04:58.193" level="INFO">Opening url 'https:/google.com'</msg>
<status status="PASS" starttime="20220312 16:04:56.606" endtime="20220312 16:04:59.626"/>
</kw>
<status status="PASS" starttime="20220312 16:04:56.606" endtime="20220312 16:04:59.626"/>
</kw>
<status status="PASS" starttime="20220312 16:04:56.603" endtime="20220312 16:04:59.632"/>
</test>
<test id="s1-t2" name="Auto Pass">
<kw name="Convert To Integer" library="BuiltIn">
<var>${head}</var>
<arg>12</arg>
<doc>Converts the given item to an integer number.</doc>
<msg timestamp="20220312 16:04:59.635" level="INFO">${head} = 12</msg>
<status status="PASS" starttime="20220312 16:04:59.634" endtime="20220312 16:04:59.635"/>
</kw>
<kw name="Log" library="BuiltIn">
<arg>Hello World!</arg>
<doc>Logs the given message with the given level.</doc>
<msg timestamp="20220312 16:04:59.636" level="INFO">Hello World!</msg>
<status status="PASS" starttime="20220312 16:04:59.635" endtime="20220312 16:04:59.636"/>
</kw>
<kw name="Log" library="BuiltIn">
<arg>/home/nhat/Jenkins_Robot</arg>
<doc>Logs the given message with the given level.</doc>
<msg timestamp="20220312 16:04:59.637" level="INFO">/home/nhat/Jenkins_Robot</msg>
<status status="PASS" starttime="20220312 16:04:59.637" endtime="20220312 16:04:59.637"/>
</kw>
<for flavor="IN">
<var>${i}</var>
<value>${head}</value>
<iter>
<var name="${i}">12</var>
<kw name="Log" library="BuiltIn">
<arg>${i}</arg>
<doc>Logs the given message with the given level.</doc>
<msg timestamp="20220312 16:04:59.640" level="INFO">12</msg>
<status status="PASS" starttime="20220312 16:04:59.639" endtime="20220312 16:04:59.640"/>
</kw>
<status status="PASS" starttime="20220312 16:04:59.638" endtime="20220312 16:04:59.640"/>
</iter>
<status status="PASS" starttime="20220312 16:04:59.638" endtime="20220312 16:04:59.640"/>
</for>
<status status="PASS" starttime="20220312 16:04:59.633" endtime="20220312 16:04:59.640"/>
</test>
<doc>Orders robots from RobotSpareBin Industries Inc.
Saves the order HTML receipt as a PDF file.
Saves the screenshot of the ordered robot.
Embeds the screenshot of the robot to the PDF receipt.
Creates ZIP archive of the receipts and the images.</doc>
<status status="PASS" starttime="20220312 16:04:56.073" endtime="20220312 16:04:59.641"/>
</suite>
<statistics>
<total>
<stat pass="2" fail="0" skip="0">All Tasks</stat>
</total>
<tag>
</tag>
<suite>
<stat pass="2" fail="0" skip="0" id="s1" name="Tasks">Tasks</stat>
</suite>
</statistics>
<errors>
<msg timestamp="20220312 16:04:56.260" level="WARN">This is a deprecated import that will be removed in favor of RPA.Browser.Selenium</msg>
<msg timestamp="20220312 16:04:56.338" level="WARN">This is a deprecated import that will be removed in favor of RPA.Robocorp.Vault</msg>
</errors>
</robot>
