<?xml version="1.0" encoding="UTF-8"?>
<robot generator="Robot 4.0.3 (Python 3.8.10 on linux)" generated="20220313 13:31:47.468" rpa="true" schemaversion="2">
<suite id="s1" name="Tasks" source="/home/nhat/Jenkins_Robot/tasks.robot">
<test id="s1-t1" name="Case 4">
<kw name="Go To" library="RPA.Browser.Selenium">
<arg>https://www.google.com/?hl=en</arg>
<doc>Navigates the current browser window to the provided ``url``.</doc>
<msg timestamp="20220313 13:31:47.973" level="INFO">Opening url 'https://www.google.com/?hl=en'</msg>
<kw name="Capture Page Screenshot" library="RPA.Browser.Selenium">
<doc>Takes a screenshot of the current page and embeds it into a log file.</doc>
<msg timestamp="20220313 13:31:47.974" level="INFO">Cannot capture screenshot because no browser is open.</msg>
<status status="PASS" starttime="20220313 13:31:47.973" endtime="20220313 13:31:47.974"/>
</kw>
<msg timestamp="20220313 13:31:48.020" level="FAIL">No browser is open.</msg>
<status status="FAIL" starttime="20220313 13:31:47.973" endtime="20220313 13:31:48.020"/>
</kw>
<status status="FAIL" starttime="20220313 13:31:47.972" endtime="20220313 13:31:48.021">No browser is open.</status>
</test>
<test id="s1-t2" name="Order robots from RobotSpareBin Industries Inc">
<kw name="Open the robot order website">
<kw name="Open Available Browser" library="RPA.Browser.Selenium">
<arg>https://robotsparebinindustries.com/#/robot-order</arg>
<doc>Attempts to open a browser on the user's device from a set of
supported browsers. Automatically downloads a corresponding webdriver
if none is already installed.</doc>
<msg timestamp="20220313 13:31:48.023" level="INFO">Creating an instance of the Chrome WebDriver.</msg>
<msg timestamp="20220313 13:31:48.037" level="INFO">Created download root directory: /home/nhat/.robocorp/webdrivers</msg>
<msg timestamp="20220313 13:31:48.038" level="INFO">Created symlink directory: /home/nhat/.robocorp/webdrivers</msg>
<msg timestamp="20220313 13:31:48.040" level="INFO">Creating an instance of the Chrome WebDriver.</msg>
<msg timestamp="20220313 13:31:49.585" level="INFO">Created Chrome browser with arguments: --disable-dev-shm-usage --disable-web-security --allow-running-insecure-content --no-sandbox</msg>
<msg timestamp="20220313 13:31:49.585" level="INFO" html="true">&lt;p&gt;Attempted combinations:&lt;/p&gt;&lt;div class="doc"&gt;&lt;table&gt;&lt;tr&gt;&lt;th&gt;Browser&lt;/th&gt;&lt;th&gt;Download&lt;/th&gt;&lt;th&gt;Error&lt;/th&gt;&lt;/tr&gt;&lt;tr&gt;&lt;td&gt;Chrome&lt;/td&gt;&lt;td&gt;False&lt;/td&gt;&lt;td&gt;Message: 'chromedriver' executable needs to be in PATH. Please see https://sites.google.com/a/chromium.org/chromedriver/home
&lt;/td&gt;&lt;/tr&gt;&lt;tr&gt;&lt;td&gt;Chrome&lt;/td&gt;&lt;td&gt;True&lt;/td&gt;&lt;td&gt;&lt;/td&gt;&lt;/tr&gt;&lt;/table&gt;&lt;/div&gt;</msg>
<msg timestamp="20220313 13:31:49.585" level="INFO">Opening url 'https://robotsparebinindustries.com/#/robot-order'</msg>
<status status="PASS" starttime="20220313 13:31:48.022" endtime="20220313 13:31:51.097"/>
</kw>
<kw name="Maximize Browser Window" library="RPA.Browser.Selenium">
<doc>Maximizes current browser window.</doc>
<status status="PASS" starttime="20220313 13:31:51.097" endtime="20220313 13:31:51.216"/>
</kw>
<status status="PASS" starttime="20220313 13:31:48.022" endtime="20220313 13:31:51.217"/>
</kw>
<kw name="Get orders">
<var>${orders}</var>
<kw name="Download" library="RPA.HTTP">
<var>${csv_file}</var>
<arg>https://robotsparebinindustries.com/orders.csv</arg>
<arg>overwrite=True</arg>
<doc>An alias for the ``HTTP Get`` keyword.</doc>
<msg timestamp="20220313 13:31:51.218" level="INFO">Creating a new HTTP session</msg>
<msg timestamp="20220313 13:31:51.218" level="INFO">Creating Session using : alias=rpasession_alias.httpsrobotsparebinindustries.com, url=https://robotsparebinindustries.com, headers={},                     cookies={}, auth=None, timeout=None, proxies=None, verify=True,                     debug=0 </msg>
<msg timestamp="20220313 13:31:51.614" level="INFO">GET Request : url=https://robotsparebinindustries.com/orders.csv 
 path_url=/orders.csv 
 headers={'User-Agent': 'python-requests/2.22.0', 'Accept-Encoding': 'gzip, deflate', 'Accept': '*/*', 'Connection': 'keep-alive'} 
 body=None 
 </msg>
<msg timestamp="20220313 13:31:51.617" level="INFO">GET Response : url=https://robotsparebinindustries.com/orders.csv 
 status=200, reason=OK 
 headers={'Connection': 'keep-alive', 'Content-Length': '199', 'Server': 'GitHub.com', 'Content-Type': 'text/csv; charset=utf-8', 'Last-Modified': 'Fri, 13 Aug 2021 11:27:04 GMT', 'Access-Control-Allow-Origin': '*', 'Strict-Transport-Security': 'max-age=31556952', 'ETag': 'W/"61165708-19c"', 'expires': 'Sun, 13 Mar 2022 06:41:48 GMT', 'Cache-Control': 'max-age=600', 'Content-Encoding': 'gzip', 'x-proxy-cache': 'MISS', 'X-GitHub-Request-Id': '9B40:6940:1144A:9310C:622D8FD4', 'Accept-Ranges': 'bytes', 'Date': 'Sun, 13 Mar 2022 06:31:48 GMT', 'Via': '1.1 varnish', 'Age': '0', 'X-Served-By': 'cache-qpg1248-QPG', 'X-Cache': 'MISS', 'X-Cache-Hits': '0', 'X-Timer': 'S1647153109.727478,VS0,VE229', 'Vary': 'Accept-Encoding', 'X-Fastly-Request-ID': '2ecf988d9264900a42cd0b078a44f9c6da80a319'} 
 body=Order number,Head,Body,Legs,Address
1,1,2,3,Address 123
2,4,1,5,Address 456
3,6,2,3,Address 789
4,2,3,2,Address 1
5,3,5,1,Address 2
6,1,6,6,Address 3
7,5,1,5,Address 4
8,2,3,3,Address 5
9,3,2,2,Address 6
10,4,4,2,Address 7
11,6,6,1,Address 8
12,1,3,3,Address 9
13,1,5,4,Address A
14,3,1,5,Address B
15,3,2,6,Address C
16,6,3,6,Address D
17,5,4,1,Address E
18,2,5,1,Address F
19,4,6,2,Address G
20,1,1,5,Address H 
 </msg>
<msg timestamp="20220313 13:31:51.618" level="INFO">${csv_file} = &lt;Response [200]&gt;</msg>
<status status="PASS" starttime="20220313 13:31:51.218" endtime="20220313 13:31:51.618"/>
</kw>
<kw name="Sleep" library="BuiltIn">
<arg>2 seconds</arg>
<doc>Pauses the test executed for the given time.</doc>
<status status="FAIL" starttime="20220313 13:31:51.618" endtime="20220313 13:31:53.273"/>
</kw>
<kw name="Read table from CSV" library="RPA.Tables">
<var>${data}</var>
<arg>orders.csv</arg>
<arg>dialect=excel</arg>
<arg>header=True</arg>
<doc>Read a CSV file as a table.</doc>
<status status="NOT RUN" starttime="20220313 13:31:53.273" endtime="20220313 13:31:53.274"/>
</kw>
<for flavor="IN">
<var>${row}</var>
<value>@{data}</value>
<iter>
<var name="${row}">${row}</var>
<kw name="Log" library="BuiltIn">
<arg>${row}</arg>
<doc>Logs the given message with the given level.</doc>
<status status="NOT RUN" starttime="20220313 13:31:53.274" endtime="20220313 13:31:53.274"/>
</kw>
<status status="NOT RUN" starttime="20220313 13:31:53.274" endtime="20220313 13:31:53.274"/>
</iter>
<status status="NOT RUN" starttime="20220313 13:31:53.274" endtime="20220313 13:31:53.274"/>
</for>
<status status="FAIL" starttime="20220313 13:31:51.217" endtime="20220313 13:31:53.275"/>
</kw>
<for flavor="IN">
<var>${row}</var>
<value>@{orders}</value>
<iter>
<var name="${row}">${row}</var>
<kw name="Close the annoying modal">
<status status="NOT RUN" starttime="20220313 13:31:53.275" endtime="20220313 13:31:53.275"/>
</kw>
<kw name="Fill the form">
<arg>${row}</arg>
<status status="NOT RUN" starttime="20220313 13:31:53.276" endtime="20220313 13:31:53.276"/>
</kw>
<kw name="Preview the robot">
<status status="NOT RUN" starttime="20220313 13:31:53.276" endtime="20220313 13:31:53.276"/>
</kw>
<kw name="Submit the order">
<status status="NOT RUN" starttime="20220313 13:31:53.276" endtime="20220313 13:31:53.276"/>
</kw>
<kw name="Export Pdf file and take screenshot">
<arg>${row}</arg>
<status status="NOT RUN" starttime="20220313 13:31:53.276" endtime="20220313 13:31:53.276"/>
</kw>
<kw name="Go to order another robot">
<status status="NOT RUN" starttime="20220313 13:31:53.276" endtime="20220313 13:31:53.276"/>
</kw>
<status status="NOT RUN" starttime="20220313 13:31:53.275" endtime="20220313 13:31:53.276"/>
</iter>
<status status="NOT RUN" starttime="20220313 13:31:53.275" endtime="20220313 13:31:53.277"/>
</for>
<kw name="Create a ZIP file of the receipts">
<status status="NOT RUN" starttime="20220313 13:31:53.277" endtime="20220313 13:31:53.277"/>
</kw>
<kw name="Close Browser" library="RPA.Browser.Selenium" type="TEARDOWN">
<doc>Closes the current browser.</doc>
<msg timestamp="20220313 13:31:53.279" level="WARN">Retrying (Retry(total=2, connect=None, read=None, redirect=None, status=None)) after connection broken by 'NewConnectionError('&lt;urllib3.connection.HTTPConnection object at 0x7fc214c1cdf0&gt;: Failed to establish a new connection: [Errno 111] Connection refused')': /session/d8f21878cba1f73563f858d9807bcc0d</msg>
<msg timestamp="20220313 13:31:53.280" level="WARN">Retrying (Retry(total=1, connect=None, read=None, redirect=None, status=None)) after connection broken by 'NewConnectionError('&lt;urllib3.connection.HTTPConnection object at 0x7fc2222db430&gt;: Failed to establish a new connection: [Errno 111] Connection refused')': /session/d8f21878cba1f73563f858d9807bcc0d</msg>
<msg timestamp="20220313 13:31:53.281" level="WARN">Retrying (Retry(total=0, connect=None, read=None, redirect=None, status=None)) after connection broken by 'NewConnectionError('&lt;urllib3.connection.HTTPConnection object at 0x7fc2222dbdf0&gt;: Failed to establish a new connection: [Errno 111] Connection refused')': /session/d8f21878cba1f73563f858d9807bcc0d</msg>
<status status="PASS" starttime="20220313 13:31:53.278" endtime="20220313 13:31:53.284"/>
</kw>
<status status="FAIL" starttime="20220313 13:31:48.021" endtime="20220313 13:31:53.285">Execution terminated by signal</status>
</test>
<test id="s1-t3" name="Auto Pass">
<tag>robot:exit</tag>
<status status="FAIL" starttime="20220313 13:31:53.285" endtime="20220313 13:31:53.286">Test execution stopped due to a fatal error.</status>
</test>
<test id="s1-t4" name="Auto Pass 2">
<tag>robot:exit</tag>
<status status="FAIL" starttime="20220313 13:31:53.286" endtime="20220313 13:31:53.287">Test execution stopped due to a fatal error.</status>
</test>
<test id="s1-t5" name="Auto Pass 3">
<tag>robot:exit</tag>
<status status="FAIL" starttime="20220313 13:31:53.287" endtime="20220313 13:31:53.288">Test execution stopped due to a fatal error.</status>
</test>
<doc>Orders robots from RobotSpareBin Industries Inc.
Saves the order HTML receipt as a PDF file.
Saves the screenshot of the ordered robot.
Embeds the screenshot of the robot to the PDF receipt.
Creates ZIP archive of the receipts and the images.</doc>
<status status="FAIL" starttime="20220313 13:31:47.469" endtime="20220313 13:31:53.289"/>
</suite>
<statistics>
<total>
<stat pass="0" fail="5" skip="0">All Tasks</stat>
</total>
<tag>
<stat pass="0" fail="2" skip="0" info="combined" combined="NOT robot:exit">NOT robot:exit</stat>
<stat pass="0" fail="3" skip="0">robot:exit</stat>
</tag>
<suite>
<stat pass="0" fail="5" skip="0" id="s1" name="Tasks">Tasks</stat>
</suite>
</statistics>
<errors>
<msg timestamp="20220313 13:31:47.735" level="WARN">This is a deprecated import that will be removed in favor of RPA.Robocorp.Vault</msg>
<msg timestamp="20220313 13:31:53.279" level="WARN">Retrying (Retry(total=2, connect=None, read=None, redirect=None, status=None)) after connection broken by 'NewConnectionError('&lt;urllib3.connection.HTTPConnection object at 0x7fc214c1cdf0&gt;: Failed to establish a new connection: [Errno 111] Connection refused')': /session/d8f21878cba1f73563f858d9807bcc0d</msg>
<msg timestamp="20220313 13:31:53.280" level="WARN">Retrying (Retry(total=1, connect=None, read=None, redirect=None, status=None)) after connection broken by 'NewConnectionError('&lt;urllib3.connection.HTTPConnection object at 0x7fc2222db430&gt;: Failed to establish a new connection: [Errno 111] Connection refused')': /session/d8f21878cba1f73563f858d9807bcc0d</msg>
<msg timestamp="20220313 13:31:53.281" level="WARN">Retrying (Retry(total=0, connect=None, read=None, redirect=None, status=None)) after connection broken by 'NewConnectionError('&lt;urllib3.connection.HTTPConnection object at 0x7fc2222dbdf0&gt;: Failed to establish a new connection: [Errno 111] Connection refused')': /session/d8f21878cba1f73563f858d9807bcc0d</msg>
</errors>
</robot>
