<?xml version="1.0" encoding="UTF-8"?>
<robot generator="Robot 4.0.3 (Python 3.8.10 on linux)" generated="20220311 17:44:16.401" rpa="true" schemaversion="2">
<suite id="s1" name="Tasks" source="/home/nhat/Jenkins_Robot/tasks.robot">
<test id="s1-t1" name="Order robots from RobotSpareBin Industries Inc">
<kw name="Open the robot order website">
<kw name="Open Available Browser" library="RPA.Browser.Selenium">
<arg>https://robotsparebinindustries.com/#/robot-order</arg>
<doc>Attempts to open a browser on the user's device from a set of
supported browsers. Automatically downloads a corresponding webdriver
if none is already installed.</doc>
<msg timestamp="20220311 17:44:17.065" level="INFO">Creating an instance of the Chrome WebDriver.</msg>
<msg timestamp="20220311 17:44:17.072" level="INFO">Created download root directory: /home/nhat/.robocorp/webdrivers</msg>
<msg timestamp="20220311 17:44:17.072" level="INFO">Created symlink directory: /home/nhat/.robocorp/webdrivers</msg>
<msg timestamp="20220311 17:44:17.089" level="INFO">Creating an instance of the Chrome WebDriver.</msg>
<msg timestamp="20220311 17:44:18.674" level="INFO">Created Chrome browser with arguments: --disable-dev-shm-usage --disable-web-security --allow-running-insecure-content --no-sandbox</msg>
<msg timestamp="20220311 17:44:18.674" level="INFO" html="true">&lt;p&gt;Attempted combinations:&lt;/p&gt;&lt;div class="doc"&gt;&lt;table&gt;&lt;tr&gt;&lt;th&gt;Browser&lt;/th&gt;&lt;th&gt;Download&lt;/th&gt;&lt;th&gt;Error&lt;/th&gt;&lt;/tr&gt;&lt;tr&gt;&lt;td&gt;Chrome&lt;/td&gt;&lt;td&gt;False&lt;/td&gt;&lt;td&gt;Message: 'chromedriver' executable needs to be in PATH. Please see https://sites.google.com/a/chromium.org/chromedriver/home
&lt;/td&gt;&lt;/tr&gt;&lt;tr&gt;&lt;td&gt;Chrome&lt;/td&gt;&lt;td&gt;True&lt;/td&gt;&lt;td&gt;&lt;/td&gt;&lt;/tr&gt;&lt;/table&gt;&lt;/div&gt;</msg>
<msg timestamp="20220311 17:44:18.674" level="INFO">Opening url 'https://robotsparebinindustries.com/#/robot-order'</msg>
<status status="PASS" starttime="20220311 17:44:17.064" endtime="20220311 17:44:20.711"/>
</kw>
<kw name="Maximize Browser Window" library="RPA.Browser.Selenium">
<doc>Maximizes current browser window.</doc>
<status status="PASS" starttime="20220311 17:44:20.712" endtime="20220311 17:44:20.818"/>
</kw>
<status status="PASS" starttime="20220311 17:44:17.064" endtime="20220311 17:44:20.818"/>
</kw>
<kw name="Get orders">
<var>${orders}</var>
<kw name="Download" library="RPA.HTTP">
<var>${csv_file}</var>
<arg>https://robotsparebinindustries.com/orders.csv</arg>
<arg>overwrite=True</arg>
<doc>An alias for the ``HTTP Get`` keyword.</doc>
<msg timestamp="20220311 17:44:20.820" level="INFO">Creating a new HTTP session</msg>
<msg timestamp="20220311 17:44:20.820" level="INFO">Creating Session using : alias=rpasession_alias.httpsrobotsparebinindustries.com, url=https://robotsparebinindustries.com, headers={},                     cookies={}, auth=None, timeout=None, proxies=None, verify=True,                     debug=0 </msg>
<msg timestamp="20220311 17:44:21.343" level="INFO">GET Request : url=https://robotsparebinindustries.com/orders.csv 
 path_url=/orders.csv 
 headers={'User-Agent': 'python-requests/2.22.0', 'Accept-Encoding': 'gzip, deflate', 'Accept': '*/*', 'Connection': 'keep-alive'} 
 body=None 
 </msg>
<msg timestamp="20220311 17:44:21.343" level="INFO">GET Response : url=https://robotsparebinindustries.com/orders.csv 
 status=200, reason=OK 
 headers={'Connection': 'keep-alive', 'Content-Length': '199', 'Server': 'GitHub.com', 'Content-Type': 'text/csv; charset=utf-8', 'x-origin-cache': 'HIT', 'Last-Modified': 'Fri, 13 Aug 2021 11:27:04 GMT', 'Access-Control-Allow-Origin': '*', 'Strict-Transport-Security': 'max-age=31556952', 'ETag': 'W/"61165708-19c"', 'expires': 'Fri, 11 Mar 2022 10:54:19 GMT', 'Cache-Control': 'max-age=600', 'Content-Encoding': 'gzip', 'x-proxy-cache': 'MISS', 'X-GitHub-Request-Id': '8B2E:06FD:12C911:1C91AE:622B2803', 'Accept-Ranges': 'bytes', 'Date': 'Fri, 11 Mar 2022 10:44:19 GMT', 'Via': '1.1 varnish', 'Age': '0', 'X-Served-By': 'cache-qpg1252-QPG', 'X-Cache': 'MISS', 'X-Cache-Hits': '0', 'X-Timer': 'S1646995460.712026,VS0,VE229', 'Vary': 'Accept-Encoding', 'X-Fastly-Request-ID': '12ff34c9244a1c389b354cfe42f97ba3e96f0509'} 
 body=Order number,Head,Body,Legs,Address
1,1,2,3,Address 123
2,4,1,5,Address 456
3,6,2,3,Address 789
4,2,3,2,Address 1
5,3,5,1,Address 2
6,1,6,6,Address 3
7,5,1,5,Address 4
8,2,3,3,Address 5
9,3,2,2,Address 6
10,4,4,2,Address 7
11,6,6,1,Address 8
12,1,3,3,Address 9
13,1,5,4,Address A
14,3,1,5,Address B
15,3,2,6,Address C
16,6,3,6,Address D
17,5,4,1,Address E
18,2,5,1,Address F
19,4,6,2,Address G
20,1,1,5,Address H 
 </msg>
<msg timestamp="20220311 17:44:21.344" level="INFO">${csv_file} = &lt;Response [200]&gt;</msg>
<status status="PASS" starttime="20220311 17:44:20.819" endtime="20220311 17:44:21.344"/>
</kw>
<kw name="Sleep" library="BuiltIn">
<arg>2 seconds</arg>
<doc>Pauses the test executed for the given time.</doc>
<msg timestamp="20220311 17:44:23.346" level="INFO">Slept 2 seconds</msg>
<status status="PASS" starttime="20220311 17:44:21.344" endtime="20220311 17:44:23.346"/>
</kw>
<kw name="Read table from CSV" library="RPA.Tables">
<var>${data}</var>
<arg>orders.csv</arg>
<arg>dialect=excel</arg>
<arg>header=True</arg>
<doc>Read a CSV file as a table.</doc>
<msg timestamp="20220311 17:44:23.347" level="INFO">${data} = Table(columns=['Order number', 'Head', 'Body', 'Legs', 'Address'], rows=20)</msg>
<status status="PASS" starttime="20220311 17:44:23.347" endtime="20220311 17:44:23.347"/>
</kw>
<for flavor="IN">
<var>${row}</var>
<value>@{data}</value>
<iter>
<var name="${row}">{'Order number': '1', 'Head': '1', 'Body': '2', 'Legs': '3', 'Address': 'Address 123'}</var>
<kw name="Log" library="BuiltIn">
<arg>${row}</arg>
<doc>Logs the given message with the given level.</doc>
<msg timestamp="20220311 17:44:23.348" level="INFO">{'Order number': '1', 'Head': '1', 'Body': '2', 'Legs': '3', 'Address': 'Address 123'}</msg>
<status status="PASS" starttime="20220311 17:44:23.348" endtime="20220311 17:44:23.348"/>
</kw>
<status status="PASS" starttime="20220311 17:44:23.348" endtime="20220311 17:44:23.348"/>
</iter>
<iter>
<var name="${row}">{'Order number': '2', 'Head': '4', 'Body': '1', 'Legs': '5', 'Address': 'Address 456'}</var>
<kw name="Log" library="BuiltIn">
<arg>${row}</arg>
<doc>Logs the given message with the given level.</doc>
<msg timestamp="20220311 17:44:23.349" level="INFO">{'Order number': '2', 'Head': '4', 'Body': '1', 'Legs': '5', 'Address': 'Address 456'}</msg>
<status status="PASS" starttime="20220311 17:44:23.349" endtime="20220311 17:44:23.349"/>
</kw>
<status status="PASS" starttime="20220311 17:44:23.348" endtime="20220311 17:44:23.349"/>
</iter>
<iter>
<var name="${row}">{'Order number': '3', 'Head': '6', 'Body': '2', 'Legs': '3', 'Address': 'Address 789'}</var>
<kw name="Log" library="BuiltIn">
<arg>${row}</arg>
<doc>Logs the given message with the given level.</doc>
<msg timestamp="20220311 17:44:23.349" level="INFO">{'Order number': '3', 'Head': '6', 'Body': '2', 'Legs': '3', 'Address': 'Address 789'}</msg>
<status status="PASS" starttime="20220311 17:44:23.349" endtime="20220311 17:44:23.349"/>
</kw>
<status status="PASS" starttime="20220311 17:44:23.349" endtime="20220311 17:44:23.349"/>
</iter>
<iter>
<var name="${row}">{'Order number': '4', 'Head': '2', 'Body': '3', 'Legs': '2', 'Address': 'Address 1'}</var>
<kw name="Log" library="BuiltIn">
<arg>${row}</arg>
<doc>Logs the given message with the given level.</doc>
<msg timestamp="20220311 17:44:23.350" level="INFO">{'Order number': '4', 'Head': '2', 'Body': '3', 'Legs': '2', 'Address': 'Address 1'}</msg>
<status status="PASS" starttime="20220311 17:44:23.350" endtime="20220311 17:44:23.350"/>
</kw>
<status status="PASS" starttime="20220311 17:44:23.350" endtime="20220311 17:44:23.350"/>
</iter>
<iter>
<var name="${row}">{'Order number': '5', 'Head': '3', 'Body': '5', 'Legs': '1', 'Address': 'Address 2'}</var>
<kw name="Log" library="BuiltIn">
<arg>${row}</arg>
<doc>Logs the given message with the given level.</doc>
<msg timestamp="20220311 17:44:23.350" level="INFO">{'Order number': '5', 'Head': '3', 'Body': '5', 'Legs': '1', 'Address': 'Address 2'}</msg>
<status status="PASS" starttime="20220311 17:44:23.350" endtime="20220311 17:44:23.351"/>
</kw>
<status status="PASS" starttime="20220311 17:44:23.350" endtime="20220311 17:44:23.351"/>
</iter>
<iter>
<var name="${row}">{'Order number': '6', 'Head': '1', 'Body': '6', 'Legs': '6', 'Address': 'Address 3'}</var>
<kw name="Log" library="BuiltIn">
<arg>${row}</arg>
<doc>Logs the given message with the given level.</doc>
<msg timestamp="20220311 17:44:23.351" level="INFO">{'Order number': '6', 'Head': '1', 'Body': '6', 'Legs': '6', 'Address': 'Address 3'}</msg>
<status status="PASS" starttime="20220311 17:44:23.351" endtime="20220311 17:44:23.351"/>
</kw>
<status status="PASS" starttime="20220311 17:44:23.351" endtime="20220311 17:44:23.351"/>
</iter>
<iter>
<var name="${row}">{'Order number': '7', 'Head': '5', 'Body': '1', 'Legs': '5', 'Address': 'Address 4'}</var>
<kw name="Log" library="BuiltIn">
<arg>${row}</arg>
<doc>Logs the given message with the given level.</doc>
<msg timestamp="20220311 17:44:23.352" level="INFO">{'Order number': '7', 'Head': '5', 'Body': '1', 'Legs': '5', 'Address': 'Address 4'}</msg>
<status status="PASS" starttime="20220311 17:44:23.351" endtime="20220311 17:44:23.352"/>
</kw>
<status status="PASS" starttime="20220311 17:44:23.351" endtime="20220311 17:44:23.352"/>
</iter>
<iter>
<var name="${row}">{'Order number': '8', 'Head': '2', 'Body': '3', 'Legs': '3', 'Address': 'Address 5'}</var>
<kw name="Log" library="BuiltIn">
<arg>${row}</arg>
<doc>Logs the given message with the given level.</doc>
<msg timestamp="20220311 17:44:23.352" level="INFO">{'Order number': '8', 'Head': '2', 'Body': '3', 'Legs': '3', 'Address': 'Address 5'}</msg>
<status status="PASS" starttime="20220311 17:44:23.352" endtime="20220311 17:44:23.352"/>
</kw>
<status status="PASS" starttime="20220311 17:44:23.352" endtime="20220311 17:44:23.352"/>
</iter>
<iter>
<var name="${row}">{'Order number': '9', 'Head': '3', 'Body': '2', 'Legs': '2', 'Address': 'Address 6'}</var>
<kw name="Log" library="BuiltIn">
<arg>${row}</arg>
<doc>Logs the given message with the given level.</doc>
<msg timestamp="20220311 17:44:23.353" level="INFO">{'Order number': '9', 'Head': '3', 'Body': '2', 'Legs': '2', 'Address': 'Address 6'}</msg>
<status status="PASS" starttime="20220311 17:44:23.353" endtime="20220311 17:44:23.353"/>
</kw>
<status status="PASS" starttime="20220311 17:44:23.352" endtime="20220311 17:44:23.353"/>
</iter>
<iter>
<var name="${row}">{'Order number': '10', 'Head': '4', 'Body': '4', 'Legs': '2', 'Address': 'Address 7'}</var>
<kw name="Log" library="BuiltIn">
<arg>${row}</arg>
<doc>Logs the given message with the given level.</doc>
<msg timestamp="20220311 17:44:23.353" level="INFO">{'Order number': '10', 'Head': '4', 'Body': '4', 'Legs': '2', 'Address': 'Address 7'}</msg>
<status status="PASS" starttime="20220311 17:44:23.353" endtime="20220311 17:44:23.353"/>
</kw>
<status status="PASS" starttime="20220311 17:44:23.353" endtime="20220311 17:44:23.353"/>
</iter>
<iter>
<var name="${row}">{'Order number': '11', 'Head': '6', 'Body': '6', 'Legs': '1', 'Address': 'Address 8'}</var>
<kw name="Log" library="BuiltIn">
<arg>${row}</arg>
<doc>Logs the given message with the given level.</doc>
<msg timestamp="20220311 17:44:23.354" level="INFO">{'Order number': '11', 'Head': '6', 'Body': '6', 'Legs': '1', 'Address': 'Address 8'}</msg>
<status status="PASS" starttime="20220311 17:44:23.354" endtime="20220311 17:44:23.354"/>
</kw>
<status status="PASS" starttime="20220311 17:44:23.354" endtime="20220311 17:44:23.354"/>
</iter>
<iter>
<var name="${row}">{'Order number': '12', 'Head': '1', 'Body': '3', 'Legs': '3', 'Address': 'Address 9'}</var>
<kw name="Log" library="BuiltIn">
<arg>${row}</arg>
<doc>Logs the given message with the given level.</doc>
<msg timestamp="20220311 17:44:23.354" level="INFO">{'Order number': '12', 'Head': '1', 'Body': '3', 'Legs': '3', 'Address': 'Address 9'}</msg>
<status status="PASS" starttime="20220311 17:44:23.354" endtime="20220311 17:44:23.354"/>
</kw>
<status status="PASS" starttime="20220311 17:44:23.354" endtime="20220311 17:44:23.354"/>
</iter>
<iter>
<var name="${row}">{'Order number': '13', 'Head': '1', 'Body': '5', 'Legs': '4', 'Address': 'Address A'}</var>
<kw name="Log" library="BuiltIn">
<arg>${row}</arg>
<doc>Logs the given message with the given level.</doc>
<msg timestamp="20220311 17:44:23.355" level="INFO">{'Order number': '13', 'Head': '1', 'Body': '5', 'Legs': '4', 'Address': 'Address A'}</msg>
<status status="PASS" starttime="20220311 17:44:23.355" endtime="20220311 17:44:23.355"/>
</kw>
<status status="PASS" starttime="20220311 17:44:23.355" endtime="20220311 17:44:23.355"/>
</iter>
<iter>
<var name="${row}">{'Order number': '14', 'Head': '3', 'Body': '1', 'Legs': '5', 'Address': 'Address B'}</var>
<kw name="Log" library="BuiltIn">
<arg>${row}</arg>
<doc>Logs the given message with the given level.</doc>
<msg timestamp="20220311 17:44:23.355" level="INFO">{'Order number': '14', 'Head': '3', 'Body': '1', 'Legs': '5', 'Address': 'Address B'}</msg>
<status status="PASS" starttime="20220311 17:44:23.355" endtime="20220311 17:44:23.355"/>
</kw>
<status status="PASS" starttime="20220311 17:44:23.355" endtime="20220311 17:44:23.356"/>
</iter>
<iter>
<var name="${row}">{'Order number': '15', 'Head': '3', 'Body': '2', 'Legs': '6', 'Address': 'Address C'}</var>
<kw name="Log" library="BuiltIn">
<arg>${row}</arg>
<doc>Logs the given message with the given level.</doc>
<msg timestamp="20220311 17:44:23.356" level="INFO">{'Order number': '15', 'Head': '3', 'Body': '2', 'Legs': '6', 'Address': 'Address C'}</msg>
<status status="PASS" starttime="20220311 17:44:23.356" endtime="20220311 17:44:23.356"/>
</kw>
<status status="PASS" starttime="20220311 17:44:23.356" endtime="20220311 17:44:23.356"/>
</iter>
<iter>
<var name="${row}">{'Order number': '16', 'Head': '6', 'Body': '3', 'Legs': '6', 'Address': 'Address D'}</var>
<kw name="Log" library="BuiltIn">
<arg>${row}</arg>
<doc>Logs the given message with the given level.</doc>
<msg timestamp="20220311 17:44:23.356" level="INFO">{'Order number': '16', 'Head': '6', 'Body': '3', 'Legs': '6', 'Address': 'Address D'}</msg>
<status status="PASS" starttime="20220311 17:44:23.356" endtime="20220311 17:44:23.357"/>
</kw>
<status status="PASS" starttime="20220311 17:44:23.356" endtime="20220311 17:44:23.357"/>
</iter>
<iter>
<var name="${row}">{'Order number': '17', 'Head': '5', 'Body': '4', 'Legs': '1', 'Address': 'Address E'}</var>
<kw name="Log" library="BuiltIn">
<arg>${row}</arg>
<doc>Logs the given message with the given level.</doc>
<msg timestamp="20220311 17:44:23.357" level="INFO">{'Order number': '17', 'Head': '5', 'Body': '4', 'Legs': '1', 'Address': 'Address E'}</msg>
<status status="PASS" starttime="20220311 17:44:23.357" endtime="20220311 17:44:23.357"/>
</kw>
<status status="PASS" starttime="20220311 17:44:23.357" endtime="20220311 17:44:23.357"/>
</iter>
<iter>
<var name="${row}">{'Order number': '18', 'Head': '2', 'Body': '5', 'Legs': '1', 'Address': 'Address F'}</var>
<kw name="Log" library="BuiltIn">
<arg>${row}</arg>
<doc>Logs the given message with the given level.</doc>
<msg timestamp="20220311 17:44:23.358" level="INFO">{'Order number': '18', 'Head': '2', 'Body': '5', 'Legs': '1', 'Address': 'Address F'}</msg>
<status status="PASS" starttime="20220311 17:44:23.357" endtime="20220311 17:44:23.358"/>
</kw>
<status status="PASS" starttime="20220311 17:44:23.357" endtime="20220311 17:44:23.358"/>
</iter>
<iter>
<var name="${row}">{'Order number': '19', 'Head': '4', 'Body': '6', 'Legs': '2', 'Address': 'Address G'}</var>
<kw name="Log" library="BuiltIn">
<arg>${row}</arg>
<doc>Logs the given message with the given level.</doc>
<msg timestamp="20220311 17:44:23.358" level="INFO">{'Order number': '19', 'Head': '4', 'Body': '6', 'Legs': '2', 'Address': 'Address G'}</msg>
<status status="PASS" starttime="20220311 17:44:23.358" endtime="20220311 17:44:23.358"/>
</kw>
<status status="PASS" starttime="20220311 17:44:23.358" endtime="20220311 17:44:23.358"/>
</iter>
<iter>
<var name="${row}">{'Order number': '20', 'Head': '1', 'Body': '1', 'Legs': '5', 'Address': 'Address H'}</var>
<kw name="Log" library="BuiltIn">
<arg>${row}</arg>
<doc>Logs the given message with the given level.</doc>
<msg timestamp="20220311 17:44:23.359" level="INFO">{'Order number': '20', 'Head': '1', 'Body': '1', 'Legs': '5', 'Address': 'Address H'}</msg>
<status status="PASS" starttime="20220311 17:44:23.359" endtime="20220311 17:44:23.359"/>
</kw>
<status status="PASS" starttime="20220311 17:44:23.358" endtime="20220311 17:44:23.359"/>
</iter>
<status status="PASS" starttime="20220311 17:44:23.348" endtime="20220311 17:44:23.359"/>
</for>
<msg timestamp="20220311 17:44:23.359" level="INFO">${orders} = Table(columns=['Order number', 'Head', 'Body', 'Legs', 'Address'], rows=20)</msg>
<status status="PASS" starttime="20220311 17:44:20.819" endtime="20220311 17:44:23.359"/>
</kw>
<for flavor="IN">
<var>${row}</var>
<value>@{orders}</value>
<iter>
<var name="${row}">{'Order number': '1', 'Head': '1', 'Body': '2', 'Legs': '3', 'Address': 'Address 123'}</var>
<kw name="Close the annoying modal">
<kw name="Wait Until Page Contains Element" library="RPA.Browser.Selenium">
<arg>//button[contains(text(),'OK')]</arg>
<doc>Waits until the element ``locator`` appears on the current page.</doc>
<status status="PASS" starttime="20220311 17:44:23.360" endtime="20220311 17:44:23.376"/>
</kw>
<kw name="Click Button" library="RPA.Browser.Selenium">
<arg>//button[contains(text(),'OK')]</arg>
<doc>Clicks the button identified by ``locator``.</doc>
<msg timestamp="20220311 17:44:23.379" level="INFO">Clicking button '//button[contains(text(),'OK')]'.</msg>
<status status="PASS" starttime="20220311 17:44:23.379" endtime="20220311 17:44:23.432"/>
</kw>
<status status="PASS" starttime="20220311 17:44:23.360" endtime="20220311 17:44:23.433"/>
</kw>
<kw name="Fill the form">
<arg>${row}</arg>
<kw name="Convert To Integer" library="BuiltIn">
<var>${head}</var>
<arg>${row}[Head]</arg>
<doc>Converts the given item to an integer number.</doc>
<msg timestamp="20220311 17:44:23.433" level="INFO">${head} = 1</msg>
<status status="PASS" starttime="20220311 17:44:23.433" endtime="20220311 17:44:23.434"/>
</kw>
<kw name="Convert To Integer" library="BuiltIn">
<var>${body}</var>
<arg>${row}[Body]</arg>
<doc>Converts the given item to an integer number.</doc>
<msg timestamp="20220311 17:44:23.434" level="INFO">${body} = 2</msg>
<status status="PASS" starttime="20220311 17:44:23.434" endtime="20220311 17:44:23.434"/>
</kw>
<kw name="Convert To Integer" library="BuiltIn">
<var>${legs}</var>
<arg>${row}[Legs]</arg>
<doc>Converts the given item to an integer number.</doc>
<msg timestamp="20220311 17:44:23.434" level="INFO">${legs} = 3</msg>
<status status="PASS" starttime="20220311 17:44:23.434" endtime="20220311 17:44:23.434"/>
</kw>
<kw name="Convert To String" library="BuiltIn">
<var>${address}</var>
<arg>${row}[Address]</arg>
<doc>Converts the given item to a Unicode string.</doc>
<msg timestamp="20220311 17:44:23.435" level="INFO">${address} = Address 123</msg>
<status status="PASS" starttime="20220311 17:44:23.435" endtime="20220311 17:44:23.435"/>
</kw>
<kw name="Select From List By Value" library="RPA.Browser.Selenium">
<arg>//select[@name="head"]</arg>
<arg>${head}</arg>
<doc>Selects options from selection list ``locator`` by ``values``.</doc>
<msg timestamp="20220311 17:44:23.435" level="INFO">Selecting options from selection list '//select[@name="head"]' by value 1.</msg>
<status status="PASS" starttime="20220311 17:44:23.435" endtime="20220311 17:44:23.496"/>
</kw>
<kw name="Click Element" library="RPA.Browser.Selenium">
<arg>//input[@value="${Body}"]</arg>
<doc>Click the element identified by ``locator``.</doc>
<msg timestamp="20220311 17:44:23.497" level="INFO">Clicking element '//input[@value="2"]'.</msg>
<status status="PASS" starttime="20220311 17:44:23.497" endtime="20220311 17:44:23.543"/>
</kw>
<kw name="Input Text" library="RPA.Browser.Selenium">
<arg>//input[@placeholder="Enter the part number for the legs"]</arg>
<arg>${legs}</arg>
<doc>Types the given ``text`` into the text field identified by ``locator``.</doc>
<msg timestamp="20220311 17:44:23.544" level="INFO">Typing text '3' into text field '//input[@placeholder="Enter the part number for the legs"]'.</msg>
<status status="PASS" starttime="20220311 17:44:23.543" endtime="20220311 17:44:23.642"/>
</kw>
<kw name="Input Text" library="RPA.Browser.Selenium">
<arg>//input[@placeholder="Shipping address"]</arg>
<arg>${address}</arg>
<doc>Types the given ``text`` into the text field identified by ``locator``.</doc>
<msg timestamp="20220311 17:44:23.643" level="INFO">Typing text 'Address 123' into text field '//input[@placeholder="Shipping address"]'.</msg>
<status status="PASS" starttime="20220311 17:44:23.642" endtime="20220311 17:44:23.732"/>
</kw>
<status status="PASS" starttime="20220311 17:44:23.433" endtime="20220311 17:44:23.732"/>
</kw>
<kw name="Preview the robot">
<kw name="Click Button" library="RPA.Browser.Selenium">
<arg>//button[@id="preview"]</arg>
<doc>Clicks the button identified by ``locator``.</doc>
<msg timestamp="20220311 17:44:23.733" level="INFO">Clicking button '//button[@id="preview"]'.</msg>
<status status="PASS" starttime="20220311 17:44:23.733" endtime="20220311 17:44:23.798"/>
</kw>
<kw name="Wait Until Page Contains Element" library="RPA.Browser.Selenium">
<arg>//div[@id="robot-preview-image"]</arg>
<doc>Waits until the element ``locator`` appears on the current page.</doc>
<status status="PASS" starttime="20220311 17:44:23.798" endtime="20220311 17:44:23.809"/>
</kw>
<kw name="Sleep" library="BuiltIn">
<arg>2 seconds</arg>
<doc>Pauses the test executed for the given time.</doc>
<msg timestamp="20220311 17:44:25.810" level="INFO">Slept 2 seconds</msg>
<status status="PASS" starttime="20220311 17:44:23.809" endtime="20220311 17:44:25.810"/>
</kw>
<status status="PASS" starttime="20220311 17:44:23.732" endtime="20220311 17:44:25.810"/>
</kw>
<kw name="Submit the order">
<kw name="Click Button" library="RPA.Browser.Selenium">
<arg>//button[@id="order"]</arg>
<doc>Clicks the button identified by ``locator``.</doc>
<msg timestamp="20220311 17:44:25.811" level="INFO">Clicking button '//button[@id="order"]'.</msg>
<status status="PASS" starttime="20220311 17:44:25.811" endtime="20220311 17:44:25.866"/>
</kw>
<kw name="Sleep" library="BuiltIn">
<arg>2 seconds</arg>
<doc>Pauses the test executed for the given time.</doc>
<msg timestamp="20220311 17:44:27.867" level="INFO">Slept 2 seconds</msg>
<status status="PASS" starttime="20220311 17:44:25.867" endtime="20220311 17:44:27.868"/>
</kw>
<for flavor="IN RANGE">
<var>${i}</var>
<value>${5}</value>
<iter>
<var name="${i}">0</var>
<kw name="Is Element Visible" library="RPA.Browser.Selenium">
<var>${alert}</var>
<arg>//div[@class="alert alert-danger"]</arg>
<doc>Is element visible</doc>
<msg timestamp="20220311 17:44:27.888" level="INFO">Element '//div[@class="alert alert-danger"]' is displayed.</msg>
<msg timestamp="20220311 17:44:27.888" level="INFO">${alert} = True</msg>
<status status="PASS" starttime="20220311 17:44:27.868" endtime="20220311 17:44:27.888"/>
</kw>
<kw name="Run Keyword If" library="BuiltIn">
<arg>'${alert}'=='True'</arg>
<arg>Click Button</arg>
<arg>//button[@id="order"]</arg>
<doc>Runs the given keyword with the given arguments, if ``condition`` is true.</doc>
<kw name="Click Button" library="RPA.Browser.Selenium">
<arg>//button[@id="order"]</arg>
<doc>Clicks the button identified by ``locator``.</doc>
<msg timestamp="20220311 17:44:27.889" level="INFO">Clicking button '//button[@id="order"]'.</msg>
<status status="PASS" starttime="20220311 17:44:27.889" endtime="20220311 17:44:27.940"/>
</kw>
<status status="PASS" starttime="20220311 17:44:27.889" endtime="20220311 17:44:27.940"/>
</kw>
<kw name="Exit For Loop If" library="BuiltIn">
<arg>'${alert}'=='False'</arg>
<doc>Stops executing the enclosing for loop if the ``condition`` is true.</doc>
<status status="PASS" starttime="20220311 17:44:27.941" endtime="20220311 17:44:27.941"/>
</kw>
<status status="PASS" starttime="20220311 17:44:27.868" endtime="20220311 17:44:27.941"/>
</iter>
<iter>
<var name="${i}">1</var>
<kw name="Is Element Visible" library="RPA.Browser.Selenium">
<var>${alert}</var>
<arg>//div[@class="alert alert-danger"]</arg>
<doc>Is element visible</doc>
<msg timestamp="20220311 17:44:27.962" level="INFO">Element '//div[@class="alert alert-danger"]' is displayed.</msg>
<msg timestamp="20220311 17:44:27.963" level="INFO">${alert} = True</msg>
<status status="PASS" starttime="20220311 17:44:27.942" endtime="20220311 17:44:27.963"/>
</kw>
<kw name="Run Keyword If" library="BuiltIn">
<arg>'${alert}'=='True'</arg>
<arg>Click Button</arg>
<arg>//button[@id="order"]</arg>
<doc>Runs the given keyword with the given arguments, if ``condition`` is true.</doc>
<kw name="Click Button" library="RPA.Browser.Selenium">
<arg>//button[@id="order"]</arg>
<doc>Clicks the button identified by ``locator``.</doc>
<msg timestamp="20220311 17:44:27.964" level="INFO">Clicking button '//button[@id="order"]'.</msg>
<status status="PASS" starttime="20220311 17:44:27.963" endtime="20220311 17:44:28.011"/>
</kw>
<status status="PASS" starttime="20220311 17:44:27.963" endtime="20220311 17:44:28.011"/>
</kw>
<kw name="Exit For Loop If" library="BuiltIn">
<arg>'${alert}'=='False'</arg>
<doc>Stops executing the enclosing for loop if the ``condition`` is true.</doc>
<status status="PASS" starttime="20220311 17:44:28.011" endtime="20220311 17:44:28.012"/>
</kw>
<status status="PASS" starttime="20220311 17:44:27.941" endtime="20220311 17:44:28.012"/>
</iter>
<iter>
<var name="${i}">2</var>
<kw name="Is Element Visible" library="RPA.Browser.Selenium">
<var>${alert}</var>
<arg>//div[@class="alert alert-danger"]</arg>
<doc>Is element visible</doc>
<msg timestamp="20220311 17:44:28.019" level="INFO" html="true">Ran with keyword &lt;b&gt;Element Should Be Visible&lt;/b&gt; which returned error: &lt;i&gt;Element with locator '//div[@class="alert alert-danger"]' not found.&lt;/i&gt;</msg>
<msg timestamp="20220311 17:44:28.020" level="INFO">${alert} = False</msg>
<status status="PASS" starttime="20220311 17:44:28.012" endtime="20220311 17:44:28.020"/>
</kw>
<kw name="Run Keyword If" library="BuiltIn">
<arg>'${alert}'=='True'</arg>
<arg>Click Button</arg>
<arg>//button[@id="order"]</arg>
<doc>Runs the given keyword with the given arguments, if ``condition`` is true.</doc>
<status status="PASS" starttime="20220311 17:44:28.020" endtime="20220311 17:44:28.020"/>
</kw>
<kw name="Exit For Loop If" library="BuiltIn">
<arg>'${alert}'=='False'</arg>
<doc>Stops executing the enclosing for loop if the ``condition`` is true.</doc>
<msg timestamp="20220311 17:44:28.021" level="INFO">Exiting for loop altogether.</msg>
<status status="PASS" starttime="20220311 17:44:28.021" endtime="20220311 17:44:28.021"/>
</kw>
<status status="PASS" starttime="20220311 17:44:28.012" endtime="20220311 17:44:28.021"/>
</iter>
<status status="PASS" starttime="20220311 17:44:27.868" endtime="20220311 17:44:28.021"/>
</for>
<status status="PASS" starttime="20220311 17:44:25.810" endtime="20220311 17:44:28.021"/>
</kw>
<kw name="Export Pdf file and take screenshot">
<arg>${row}</arg>
<kw name="Sleep" library="BuiltIn">
<arg>2 seconds</arg>
<doc>Pauses the test executed for the given time.</doc>
<status status="FAIL" starttime="20220311 17:44:28.022" endtime="20220311 17:44:29.443"/>
</kw>
<kw name="Get Element Attribute" library="RPA.Browser.Selenium">
<var>${receipt_data}</var>
<arg>//div[@id='receipt']</arg>
<arg>outerHTML</arg>
<doc>Returns the value of ``attribute`` from the element ``locator``.</doc>
<status status="NOT RUN" starttime="20220311 17:44:29.443" endtime="20220311 17:44:29.443"/>
</kw>
<kw name="Html To Pdf" library="RPA.PDF">
<arg>${receipt_data}</arg>
<arg>/home/nhat/Jenkins_Robot${/}output${/}receipt${/}${row}[Order number].pdf</arg>
<doc>Generate a PDF file from HTML content.</doc>
<status status="NOT RUN" starttime="20220311 17:44:29.443" endtime="20220311 17:44:29.443"/>
</kw>
<kw name="Screenshot" library="RPA.Browser.Selenium">
<arg>//div[@id="robot-preview-image"]</arg>
<arg>/home/nhat/Jenkins_Robot${/}output${/}screenshot${/}${row}[Order number].png</arg>
<doc>Capture page and/or element screenshot.</doc>
<status status="NOT RUN" starttime="20220311 17:44:29.444" endtime="20220311 17:44:29.444"/>
</kw>
<kw name="Add Watermark Image To Pdf" library="RPA.PDF">
<arg>/home/nhat/Jenkins_Robot${/}output${/}screenshot${/}${row}[Order number].png</arg>
<arg>/home/nhat/Jenkins_Robot${/}output${/}receipt${/}${row}[Order number].pdf</arg>
<arg>/home/nhat/Jenkins_Robot${/}output${/}receipt${/}${row}[Order number].pdf</arg>
<doc>Add an image into an existing or new PDF.</doc>
<status status="NOT RUN" starttime="20220311 17:44:29.444" endtime="20220311 17:44:29.444"/>
</kw>
<status status="FAIL" starttime="20220311 17:44:28.022" endtime="20220311 17:44:29.444"/>
</kw>
<kw name="Go to order another robot">
<status status="NOT RUN" starttime="20220311 17:44:29.445" endtime="20220311 17:44:29.445"/>
</kw>
<status status="FAIL" starttime="20220311 17:44:23.360" endtime="20220311 17:44:29.445"/>
</iter>
<status status="FAIL" starttime="20220311 17:44:23.359" endtime="20220311 17:44:29.446"/>
</for>
<kw name="Create a ZIP file of the receipts">
<status status="NOT RUN" starttime="20220311 17:44:29.446" endtime="20220311 17:44:29.446"/>
</kw>
<kw name="Close Browser" library="RPA.Browser.Selenium" type="TEARDOWN">
<doc>Closes the current browser.</doc>
<msg timestamp="20220311 17:44:29.448" level="WARN">Retrying (Retry(total=2, connect=None, read=None, redirect=None, status=None)) after connection broken by 'NewConnectionError('&lt;urllib3.connection.HTTPConnection object at 0x7fd333c1cbb0&gt;: Failed to establish a new connection: [Errno 111] Connection refused')': /session/2b1622b1dbf07ca5a95d42c13ae8117c</msg>
<msg timestamp="20220311 17:44:29.448" level="WARN">Retrying (Retry(total=1, connect=None, read=None, redirect=None, status=None)) after connection broken by 'NewConnectionError('&lt;urllib3.connection.HTTPConnection object at 0x7fd34118d0a0&gt;: Failed to establish a new connection: [Errno 111] Connection refused')': /session/2b1622b1dbf07ca5a95d42c13ae8117c</msg>
<msg timestamp="20220311 17:44:29.449" level="WARN">Retrying (Retry(total=0, connect=None, read=None, redirect=None, status=None)) after connection broken by 'NewConnectionError('&lt;urllib3.connection.HTTPConnection object at 0x7fd34118d160&gt;: Failed to establish a new connection: [Errno 111] Connection refused')': /session/2b1622b1dbf07ca5a95d42c13ae8117c</msg>
<status status="PASS" starttime="20220311 17:44:29.446" endtime="20220311 17:44:29.451"/>
</kw>
<status status="FAIL" starttime="20220311 17:44:17.063" endtime="20220311 17:44:29.451">Execution terminated by signal</status>
</test>
<test id="s1-t2" name="Case 2 Open Web for Testing">
<tag>robot:exit</tag>
<status status="FAIL" starttime="20220311 17:44:29.452" endtime="20220311 17:44:29.453">Test execution stopped due to a fatal error.</status>
</test>
<test id="s1-t3" name="Auto Pass">
<tag>robot:exit</tag>
<status status="FAIL" starttime="20220311 17:44:29.453" endtime="20220311 17:44:29.454">Test execution stopped due to a fatal error.</status>
</test>
<doc>Orders robots from RobotSpareBin Industries Inc.
Saves the order HTML receipt as a PDF file.
Saves the screenshot of the ordered robot.
Embeds the screenshot of the robot to the PDF receipt.
Creates ZIP archive of the receipts and the images.</doc>
<status status="FAIL" starttime="20220311 17:44:16.402" endtime="20220311 17:44:29.455"/>
</suite>
<statistics>
<total>
<stat pass="0" fail="3" skip="0">All Tasks</stat>
</total>
<tag>
<stat pass="0" fail="1" skip="0" info="combined" combined="NOT robot:exit">NOT robot:exit</stat>
<stat pass="0" fail="2" skip="0">robot:exit</stat>
</tag>
<suite>
<stat pass="0" fail="3" skip="0" id="s1" name="Tasks">Tasks</stat>
</suite>
</statistics>
<errors>
<msg timestamp="20220311 17:44:16.658" level="WARN">This is a deprecated import that will be removed in favor of RPA.Robocorp.Vault</msg>
<msg timestamp="20220311 17:44:29.448" level="WARN">Retrying (Retry(total=2, connect=None, read=None, redirect=None, status=None)) after connection broken by 'NewConnectionError('&lt;urllib3.connection.HTTPConnection object at 0x7fd333c1cbb0&gt;: Failed to establish a new connection: [Errno 111] Connection refused')': /session/2b1622b1dbf07ca5a95d42c13ae8117c</msg>
<msg timestamp="20220311 17:44:29.448" level="WARN">Retrying (Retry(total=1, connect=None, read=None, redirect=None, status=None)) after connection broken by 'NewConnectionError('&lt;urllib3.connection.HTTPConnection object at 0x7fd34118d0a0&gt;: Failed to establish a new connection: [Errno 111] Connection refused')': /session/2b1622b1dbf07ca5a95d42c13ae8117c</msg>
<msg timestamp="20220311 17:44:29.449" level="WARN">Retrying (Retry(total=0, connect=None, read=None, redirect=None, status=None)) after connection broken by 'NewConnectionError('&lt;urllib3.connection.HTTPConnection object at 0x7fd34118d160&gt;: Failed to establish a new connection: [Errno 111] Connection refused')': /session/2b1622b1dbf07ca5a95d42c13ae8117c</msg>
</errors>
</robot>
