<?xml version="1.0" encoding="UTF-8"?>
<robot generator="Robot 4.0.3 (Python 3.8.10 on linux)" generated="20220312 16:59:53.730" rpa="true" schemaversion="2">
<suite id="s1" name="Tasks" source="/home/nhat/Jenkins_Robot/tasks.robot">
<test id="s1-t1" name="Auto Pass">
<kw name="Convert To Integer" library="BuiltIn">
<var>${head}</var>
<arg>12</arg>
<doc>Converts the given item to an integer number.</doc>
<msg timestamp="20220312 16:59:54.201" level="INFO">${head} = 12</msg>
<status status="PASS" starttime="20220312 16:59:54.201" endtime="20220312 16:59:54.201"/>
</kw>
<kw name="Log" library="BuiltIn">
<arg>Hello World!</arg>
<doc>Logs the given message with the given level.</doc>
<msg timestamp="20220312 16:59:54.202" level="INFO">Hello World!</msg>
<status status="PASS" starttime="20220312 16:59:54.202" endtime="20220312 16:59:54.202"/>
</kw>
<kw name="Log" library="BuiltIn">
<arg>/home/nhat/Jenkins_Robot</arg>
<doc>Logs the given message with the given level.</doc>
<msg timestamp="20220312 16:59:54.202" level="INFO">/home/nhat/Jenkins_Robot</msg>
<status status="PASS" starttime="20220312 16:59:54.202" endtime="20220312 16:59:54.202"/>
</kw>
<for flavor="IN">
<var>${i}</var>
<value>${head}</value>
<iter>
<var name="${i}">12</var>
<kw name="Log" library="BuiltIn">
<arg>${i}</arg>
<doc>Logs the given message with the given level.</doc>
<msg timestamp="20220312 16:59:54.203" level="INFO">12</msg>
<status status="PASS" starttime="20220312 16:59:54.203" endtime="20220312 16:59:54.203"/>
</kw>
<status status="PASS" starttime="20220312 16:59:54.203" endtime="20220312 16:59:54.203"/>
</iter>
<status status="PASS" starttime="20220312 16:59:54.202" endtime="20220312 16:59:54.203"/>
</for>
<status status="PASS" starttime="20220312 16:59:54.201" endtime="20220312 16:59:54.203"/>
</test>
<test id="s1-t2" name="Auto Pass 2">
<kw name="Convert To Integer" library="BuiltIn">
<var>${head}</var>
<arg>12</arg>
<doc>Converts the given item to an integer number.</doc>
<msg timestamp="20220312 16:59:54.204" level="INFO">${head} = 12</msg>
<status status="PASS" starttime="20220312 16:59:54.204" endtime="20220312 16:59:54.204"/>
</kw>
<kw name="Log" library="BuiltIn">
<arg>Hello World!</arg>
<doc>Logs the given message with the given level.</doc>
<msg timestamp="20220312 16:59:54.205" level="INFO">Hello World!</msg>
<status status="PASS" starttime="20220312 16:59:54.205" endtime="20220312 16:59:54.205"/>
</kw>
<kw name="Log" library="BuiltIn">
<arg>/home/nhat/Jenkins_Robot</arg>
<doc>Logs the given message with the given level.</doc>
<msg timestamp="20220312 16:59:54.205" level="INFO">/home/nhat/Jenkins_Robot</msg>
<status status="PASS" starttime="20220312 16:59:54.205" endtime="20220312 16:59:54.205"/>
</kw>
<for flavor="IN">
<var>${i}</var>
<value>${head}</value>
<iter>
<var name="${i}">12</var>
<kw name="Log" library="BuiltIn">
<arg>${i}</arg>
<doc>Logs the given message with the given level.</doc>
<msg timestamp="20220312 16:59:54.206" level="INFO">12</msg>
<status status="PASS" starttime="20220312 16:59:54.206" endtime="20220312 16:59:54.206"/>
</kw>
<status status="PASS" starttime="20220312 16:59:54.205" endtime="20220312 16:59:54.206"/>
</iter>
<status status="PASS" starttime="20220312 16:59:54.205" endtime="20220312 16:59:54.206"/>
</for>
<status status="PASS" starttime="20220312 16:59:54.204" endtime="20220312 16:59:54.206"/>
</test>
<test id="s1-t3" name="Auto Pass 3">
<kw name="Convert To Integer" library="BuiltIn">
<var>${head}</var>
<arg>12</arg>
<doc>Converts the given item to an integer number.</doc>
<msg timestamp="20220312 16:59:54.207" level="INFO">${head} = 12</msg>
<status status="PASS" starttime="20220312 16:59:54.207" endtime="20220312 16:59:54.207"/>
</kw>
<kw name="Log" library="BuiltIn">
<arg>Hello World!</arg>
<doc>Logs the given message with the given level.</doc>
<msg timestamp="20220312 16:59:54.207" level="INFO">Hello World!</msg>
<status status="PASS" starttime="20220312 16:59:54.207" endtime="20220312 16:59:54.207"/>
</kw>
<kw name="Log" library="BuiltIn">
<arg>/home/nhat/Jenkins_Robot</arg>
<doc>Logs the given message with the given level.</doc>
<msg timestamp="20220312 16:59:54.208" level="INFO">/home/nhat/Jenkins_Robot</msg>
<status status="PASS" starttime="20220312 16:59:54.208" endtime="20220312 16:59:54.208"/>
</kw>
<for flavor="IN">
<var>${i}</var>
<value>${head}</value>
<iter>
<var name="${i}">12</var>
<kw name="Log" library="BuiltIn">
<arg>${i}</arg>
<doc>Logs the given message with the given level.</doc>
<msg timestamp="20220312 16:59:54.208" level="INFO">12</msg>
<status status="PASS" starttime="20220312 16:59:54.208" endtime="20220312 16:59:54.209"/>
</kw>
<status status="PASS" starttime="20220312 16:59:54.208" endtime="20220312 16:59:54.209"/>
</iter>
<status status="PASS" starttime="20220312 16:59:54.208" endtime="20220312 16:59:54.209"/>
</for>
<status status="PASS" starttime="20220312 16:59:54.206" endtime="20220312 16:59:54.209"/>
</test>
<doc>Orders robots from RobotSpareBin Industries Inc.
Saves the order HTML receipt as a PDF file.
Saves the screenshot of the ordered robot.
Embeds the screenshot of the robot to the PDF receipt.
Creates ZIP archive of the receipts and the images.</doc>
<status status="PASS" starttime="20220312 16:59:53.731" endtime="20220312 16:59:54.209"/>
</suite>
<statistics>
<total>
<stat pass="3" fail="0" skip="0">All Tasks</stat>
</total>
<tag>
</tag>
<suite>
<stat pass="3" fail="0" skip="0" id="s1" name="Tasks">Tasks</stat>
</suite>
</statistics>
<errors>
<msg timestamp="20220312 16:59:53.916" level="WARN">This is a deprecated import that will be removed in favor of RPA.Browser.Selenium</msg>
<msg timestamp="20220312 16:59:53.992" level="WARN">This is a deprecated import that will be removed in favor of RPA.Robocorp.Vault</msg>
</errors>
</robot>
