<?xml version="1.0" encoding="UTF-8"?>
<robot generator="Robot 4.0.3 (Python 3.8.10 on linux)" generated="20220312 09:56:39.128" rpa="true" schemaversion="2">
<suite id="s1" name="Tasks" source="/home/nhat/Jenkins_Robot/tasks.robot">
<test id="s1-t1" name="Auto Pass">
<kw name="Convert To Integer" library="BuiltIn">
<var>${head}</var>
<arg>12</arg>
<doc>Converts the given item to an integer number.</doc>
<msg timestamp="20220312 09:56:39.637" level="INFO">${head} = 12</msg>
<status status="PASS" starttime="20220312 09:56:39.637" endtime="20220312 09:56:39.638"/>
</kw>
<kw name="Log" library="BuiltIn">
<arg>Hello World!</arg>
<doc>Logs the given message with the given level.</doc>
<msg timestamp="20220312 09:56:39.638" level="INFO">Hello World!</msg>
<status status="PASS" starttime="20220312 09:56:39.638" endtime="20220312 09:56:39.638"/>
</kw>
<kw name="Log" library="BuiltIn">
<arg>/home/nhat/Jenkins_Robot</arg>
<doc>Logs the given message with the given level.</doc>
<msg timestamp="20220312 09:56:39.638" level="INFO">/home/nhat/Jenkins_Robot</msg>
<status status="PASS" starttime="20220312 09:56:39.638" endtime="20220312 09:56:39.638"/>
</kw>
<for flavor="IN">
<var>${i}</var>
<value>${5}</value>
<iter>
<var name="${i}">5</var>
<kw name="Log" library="BuiltIn">
<arg>${i}</arg>
<doc>Logs the given message with the given level.</doc>
<msg timestamp="20220312 09:56:39.639" level="INFO">5</msg>
<status status="PASS" starttime="20220312 09:56:39.639" endtime="20220312 09:56:39.639"/>
</kw>
<status status="PASS" starttime="20220312 09:56:39.639" endtime="20220312 09:56:39.639"/>
</iter>
<status status="PASS" starttime="20220312 09:56:39.638" endtime="20220312 09:56:39.639"/>
</for>
<status status="PASS" starttime="20220312 09:56:39.636" endtime="20220312 09:56:39.640"/>
</test>
<doc>Orders robots from RobotSpareBin Industries Inc.
Saves the order HTML receipt as a PDF file.
Saves the screenshot of the ordered robot.
Embeds the screenshot of the robot to the PDF receipt.
Creates ZIP archive of the receipts and the images.</doc>
<status status="PASS" starttime="20220312 09:56:39.129" endtime="20220312 09:56:39.640"/>
</suite>
<statistics>
<total>
<stat pass="1" fail="0" skip="0">All Tasks</stat>
</total>
<tag>
</tag>
<suite>
<stat pass="1" fail="0" skip="0" id="s1" name="Tasks">Tasks</stat>
</suite>
</statistics>
<errors>
<msg timestamp="20220312 09:56:39.126" level="ERROR">Error in file '/home/nhat/Jenkins_Robot/tasks.robot' on line 107: Non-existing setting 'Return'.</msg>
<msg timestamp="20220312 09:56:39.395" level="WARN">This is a deprecated import that will be removed in favor of RPA.Robocorp.Vault</msg>
</errors>
</robot>
