<?xml version="1.0" encoding="UTF-8"?>
<robot generator="Robot 4.0.3 (Python 3.8.10 on linux)" generated="20220313 12:28:16.070" rpa="true" schemaversion="2">
<suite id="s1" name="Tasks" source="/home/nhat/Jenkins_Robot/tasks.robot">
<test id="s1-t1" name="Auto Pass">
<kw name="Convert To Integer" library="BuiltIn">
<var>${head}</var>
<arg>12</arg>
<doc>Converts the given item to an integer number.</doc>
<msg timestamp="20220313 12:28:16.544" level="INFO">${head} = 12</msg>
<status status="PASS" starttime="20220313 12:28:16.544" endtime="20220313 12:28:16.544"/>
</kw>
<kw name="Log" library="BuiltIn">
<arg>Hello World!</arg>
<doc>Logs the given message with the given level.</doc>
<msg timestamp="20220313 12:28:16.545" level="INFO">Hello World!</msg>
<status status="PASS" starttime="20220313 12:28:16.544" endtime="20220313 12:28:16.545"/>
</kw>
<kw name="Log" library="BuiltIn">
<arg>/home/nhat/Jenkins_Robot</arg>
<doc>Logs the given message with the given level.</doc>
<msg timestamp="20220313 12:28:16.545" level="INFO">/home/nhat/Jenkins_Robot</msg>
<status status="PASS" starttime="20220313 12:28:16.545" endtime="20220313 12:28:16.545"/>
</kw>
<for flavor="IN">
<var>${i}</var>
<value>${head}</value>
<iter>
<var name="${i}">12</var>
<kw name="Log" library="BuiltIn">
<arg>${i}</arg>
<doc>Logs the given message with the given level.</doc>
<msg timestamp="20220313 12:28:16.546" level="INFO">12</msg>
<status status="PASS" starttime="20220313 12:28:16.546" endtime="20220313 12:28:16.546"/>
</kw>
<status status="PASS" starttime="20220313 12:28:16.545" endtime="20220313 12:28:16.546"/>
</iter>
<status status="PASS" starttime="20220313 12:28:16.545" endtime="20220313 12:28:16.546"/>
</for>
<status status="PASS" starttime="20220313 12:28:16.543" endtime="20220313 12:28:16.546"/>
</test>
<test id="s1-t2" name="Auto Pass 2">
<kw name="Convert To Integer" library="BuiltIn">
<var>${head}</var>
<arg>12</arg>
<doc>Converts the given item to an integer number.</doc>
<msg timestamp="20220313 12:28:16.547" level="INFO">${head} = 12</msg>
<status status="PASS" starttime="20220313 12:28:16.547" endtime="20220313 12:28:16.547"/>
</kw>
<kw name="Log" library="BuiltIn">
<arg>Hello World!</arg>
<doc>Logs the given message with the given level.</doc>
<msg timestamp="20220313 12:28:16.548" level="INFO">Hello World!</msg>
<status status="PASS" starttime="20220313 12:28:16.548" endtime="20220313 12:28:16.548"/>
</kw>
<kw name="Log" library="BuiltIn">
<arg>/home/nhat/Jenkins_Robot</arg>
<doc>Logs the given message with the given level.</doc>
<msg timestamp="20220313 12:28:16.548" level="INFO">/home/nhat/Jenkins_Robot</msg>
<status status="PASS" starttime="20220313 12:28:16.548" endtime="20220313 12:28:16.549"/>
</kw>
<for flavor="IN">
<var>${i}</var>
<value>${head}</value>
<iter>
<var name="${i}">12</var>
<kw name="Log" library="BuiltIn">
<arg>${i}</arg>
<doc>Logs the given message with the given level.</doc>
<msg timestamp="20220313 12:28:16.549" level="INFO">12</msg>
<status status="PASS" starttime="20220313 12:28:16.549" endtime="20220313 12:28:16.549"/>
</kw>
<status status="PASS" starttime="20220313 12:28:16.549" endtime="20220313 12:28:16.550"/>
</iter>
<status status="PASS" starttime="20220313 12:28:16.549" endtime="20220313 12:28:16.550"/>
</for>
<status status="PASS" starttime="20220313 12:28:16.547" endtime="20220313 12:28:16.550"/>
</test>
<test id="s1-t3" name="Auto Pass 3">
<kw name="Convert To Integer" library="BuiltIn">
<var>${head}</var>
<arg>12</arg>
<doc>Converts the given item to an integer number.</doc>
<msg timestamp="20220313 12:28:16.551" level="INFO">${head} = 12</msg>
<status status="PASS" starttime="20220313 12:28:16.550" endtime="20220313 12:28:16.551"/>
</kw>
<kw name="Log" library="BuiltIn">
<arg>Hello World!</arg>
<doc>Logs the given message with the given level.</doc>
<msg timestamp="20220313 12:28:16.551" level="INFO">Hello World!</msg>
<status status="PASS" starttime="20220313 12:28:16.551" endtime="20220313 12:28:16.551"/>
</kw>
<kw name="Log" library="BuiltIn">
<arg>/home/nhat/Jenkins_Robot</arg>
<doc>Logs the given message with the given level.</doc>
<msg timestamp="20220313 12:28:16.552" level="INFO">/home/nhat/Jenkins_Robot</msg>
<status status="PASS" starttime="20220313 12:28:16.551" endtime="20220313 12:28:16.552"/>
</kw>
<for flavor="IN">
<var>${i}</var>
<value>${head}</value>
<iter>
<var name="${i}">12</var>
<kw name="Log" library="BuiltIn">
<arg>${i}</arg>
<doc>Logs the given message with the given level.</doc>
<msg timestamp="20220313 12:28:16.553" level="INFO">12</msg>
<status status="PASS" starttime="20220313 12:28:16.552" endtime="20220313 12:28:16.553"/>
</kw>
<status status="PASS" starttime="20220313 12:28:16.552" endtime="20220313 12:28:16.553"/>
</iter>
<status status="PASS" starttime="20220313 12:28:16.552" endtime="20220313 12:28:16.553"/>
</for>
<status status="PASS" starttime="20220313 12:28:16.550" endtime="20220313 12:28:16.553"/>
</test>
<doc>Orders robots from RobotSpareBin Industries Inc.
Saves the order HTML receipt as a PDF file.
Saves the screenshot of the ordered robot.
Embeds the screenshot of the robot to the PDF receipt.
Creates ZIP archive of the receipts and the images.</doc>
<status status="PASS" starttime="20220313 12:28:16.071" endtime="20220313 12:28:16.554"/>
</suite>
<statistics>
<total>
<stat pass="3" fail="0" skip="0">All Tasks</stat>
</total>
<tag>
</tag>
<suite>
<stat pass="3" fail="0" skip="0" id="s1" name="Tasks">Tasks</stat>
</suite>
</statistics>
<errors>
<msg timestamp="20220313 12:28:16.249" level="WARN">This is a deprecated import that will be removed in favor of RPA.Browser.Selenium</msg>
<msg timestamp="20220313 12:28:16.331" level="WARN">This is a deprecated import that will be removed in favor of RPA.Robocorp.Vault</msg>
</errors>
</robot>
