<?xml version="1.0" encoding="UTF-8"?>
<robot generator="Robot 4.0.3 (Python 3.8.10 on linux)" generated="20220312 11:34:11.525" rpa="true" schemaversion="2">
<suite id="s1" name="Tasks" source="/home/nhat/Jenkins_Robot/tasks.robot">
<test id="s1-t1" name="Case 2 Open Web for Testing">
<kw name="Open the robot order website2">
<kw name="New Page">
<arg>https:/google.com</arg>
<msg timestamp="20220312 11:34:11.636" level="FAIL">No keyword with name 'New Page' found.</msg>
<status status="FAIL" starttime="20220312 11:34:11.636" endtime="20220312 11:34:11.636"/>
</kw>
<status status="FAIL" starttime="20220312 11:34:11.634" endtime="20220312 11:34:11.636"/>
</kw>
<status status="FAIL" starttime="20220312 11:34:11.633" endtime="20220312 11:34:11.637">No keyword with name 'New Page' found.</status>
</test>
<test id="s1-t2" name="Auto Pass">
<kw name="Convert To Integer" library="BuiltIn">
<var>${head}</var>
<arg>12</arg>
<doc>Converts the given item to an integer number.</doc>
<msg timestamp="20220312 11:34:11.638" level="INFO">${head} = 12</msg>
<status status="PASS" starttime="20220312 11:34:11.638" endtime="20220312 11:34:11.638"/>
</kw>
<kw name="Log" library="BuiltIn">
<arg>Hello World!</arg>
<doc>Logs the given message with the given level.</doc>
<msg timestamp="20220312 11:34:11.638" level="INFO">Hello World!</msg>
<status status="PASS" starttime="20220312 11:34:11.638" endtime="20220312 11:34:11.639"/>
</kw>
<kw name="Log" library="BuiltIn">
<arg>/home/nhat/Jenkins_Robot</arg>
<doc>Logs the given message with the given level.</doc>
<msg timestamp="20220312 11:34:11.639" level="INFO">/home/nhat/Jenkins_Robot</msg>
<status status="PASS" starttime="20220312 11:34:11.639" endtime="20220312 11:34:11.639"/>
</kw>
<kw name="Log" library="BuiltIn">
<arg>Hello</arg>
<doc>Logs the given message with the given level.</doc>
<msg timestamp="20220312 11:34:11.639" level="INFO">Hello</msg>
<status status="PASS" starttime="20220312 11:34:11.639" endtime="20220312 11:34:11.639"/>
</kw>
<for flavor="IN">
<var>${i}</var>
<value>${head}</value>
<iter>
<var name="${i}">12</var>
<kw name="Log" library="BuiltIn">
<arg>${i}</arg>
<doc>Logs the given message with the given level.</doc>
<msg timestamp="20220312 11:34:11.640" level="INFO">12</msg>
<status status="PASS" starttime="20220312 11:34:11.640" endtime="20220312 11:34:11.640"/>
</kw>
<status status="PASS" starttime="20220312 11:34:11.639" endtime="20220312 11:34:11.640"/>
</iter>
<status status="PASS" starttime="20220312 11:34:11.639" endtime="20220312 11:34:11.640"/>
</for>
<status status="PASS" starttime="20220312 11:34:11.637" endtime="20220312 11:34:11.640"/>
</test>
<doc>Orders robots from RobotSpareBin Industries Inc.
Saves the order HTML receipt as a PDF file.
Saves the screenshot of the ordered robot.
Embeds the screenshot of the robot to the PDF receipt.
Creates ZIP archive of the receipts and the images.</doc>
<status status="FAIL" starttime="20220312 11:34:11.526" endtime="20220312 11:34:11.641"/>
</suite>
<statistics>
<total>
<stat pass="1" fail="1" skip="0">All Tasks</stat>
</total>
<tag>
</tag>
<suite>
<stat pass="1" fail="1" skip="0" id="s1" name="Tasks">Tasks</stat>
</suite>
</statistics>
<errors>
<msg timestamp="20220312 11:34:11.632" level="ERROR">Error in file '/home/nhat/Jenkins_Robot/tasks.robot' on line 10: Importing library 'Browser' failed: ModuleNotFoundError: No module named 'Browser'
Traceback (most recent call last):
  None
PYTHONPATH:
  /home/nhat/.local/bin
  /usr/lib/python38.zip
  /usr/lib/python3.8
  /usr/lib/python3.8/lib-dynload
  /home/nhat/.local/lib/python3.8/site-packages
  /usr/local/lib/python3.8/dist-packages
  /usr/lib/python3/dist-packages</msg>
</errors>
</robot>
