<?xml version="1.0" encoding="UTF-8"?>
<robot generator="Robot 4.1.3 (Python 3.8.10 on linux)" generated="20220311 14:00:30.721" rpa="true" schemaversion="2">
<suite id="s1" name="Tasks" source="/home/nhat/Jenkins_Robot/tasks.robot">
<test id="s1-t1" name="Auto Pass">
<kw name="Convert To Integer" library="BuiltIn">
<var>${head}</var>
<arg>1234</arg>
<doc>Converts the given item to an integer number.</doc>
<msg timestamp="20220311 14:00:30.840" level="INFO">${head} = 1234</msg>
<status status="PASS" starttime="20220311 14:00:30.838" endtime="20220311 14:00:30.842"/>
</kw>
<status status="PASS" starttime="20220311 14:00:30.836" endtime="20220311 14:00:30.843"/>
</test>
<doc>Orders robots from RobotSpareBin Industries Inc.
Saves the order HTML receipt as a PDF file.
Saves the screenshot of the ordered robot.
Embeds the screenshot of the robot to the PDF receipt.
Creates ZIP archive of the receipts and the images.</doc>
<status status="PASS" starttime="20220311 14:00:30.725" endtime="20220311 14:00:30.845"/>
</suite>
<statistics>
<total>
<stat pass="1" fail="0" skip="0">All Tasks</stat>
</total>
<tag>
</tag>
<suite>
<stat pass="1" fail="0" skip="0" id="s1" name="Tasks">Tasks</stat>
</suite>
</statistics>
<errors>
</errors>
</robot>
